<?xml version="1.0" encoding="UTF-8"?>
<!-- Generated by org.testng.reporters.JUnitReportReporter -->
<testsuite skipped="0" hostname="Claudini" name="Tests.Tests" tests="1" failures="0" timestamp="29 oct 2018 20:53:12 GMT" time="26.035" errors="0">
  <testcase name="pruebaUno" time="26.035" classname="Tests.Tests"/>
</testsuite> <!-- Tests.Tests -->
